<?xml version="1.0" encoding="UTF-8"?>
<!-- Generated by org.testng.reporters.JUnitReportReporter -->
<testsuite hostname="MYNB115" name="TestNG.test.testBase.thirdTest" tests="1" failures="0" timestamp="8 Jan 2020 02:53:32 GMT" time="0.001" errors="0">
  <testcase name="assertFalse" time="0.001" classname="TestNG.test.testBase.thirdTest"/>
</testsuite> <!-- TestNG.test.testBase.thirdTest -->
