<?xml version="1.0" encoding="UTF-8"?>
<!-- Generated by org.testng.reporters.JUnitReportReporter -->
<testsuite hostname="MYNB115" name="TestNG.test.testBase.NewTest" tests="4" failures="0" timestamp="6 Jan 2020 09:35:18 GMT" time="0.021" errors="0">
  <testcase name="assertFalse" time="0.005" classname="TestNG.test.testBase.NewTest"/>
  <testcase name="plain" time="0.002" classname="TestNG.test.testBase.NewTest"/>
  <testcase name="assertFAIL" time="0.009" classname="TestNG.test.testBase.NewTest"/>
  <testcase name="assertTrue" time="0.005" classname="TestNG.test.testBase.NewTest"/>
</testsuite> <!-- TestNG.test.testBase.NewTest -->
