<?xml version="1.0" encoding="UTF-8"?>
<!-- Generated by org.testng.reporters.JUnitReportReporter -->
<testsuite hostname="MYNB115" name="TestNG.test.testBase.secondTest" tests="1" failures="0" timestamp="8 Jan 2020 02:53:32 GMT" time="0.004" errors="0">
  <testcase name="assertTrue" time="0.004" classname="TestNG.test.testBase.secondTest"/>
</testsuite> <!-- TestNG.test.testBase.secondTest -->
