<?xml version="1.0" encoding="UTF-8"?>
<!-- Generated by org.testng.reporters.JUnitReportReporter -->
<testsuite hostname="MYNB115" name="TestNG.test.testBase.firstTetst" tests="1" failures="0" timestamp="8 Jan 2020 02:53:32 GMT" time="0.006" errors="0">
  <testcase name="plain" time="0.006" classname="TestNG.test.testBase.firstTetst"/>
</testsuite> <!-- TestNG.test.testBase.firstTetst -->
